[35m[Appium][39m Welcome to Appium v1.22.3
[35m[Appium][39m Non-default server args:
[35m[Appium][39m   port: 52095
[35m[Appium][39m   loglevel: info
[35m[Appium][39m   tmpDir: C:\Users\Taha\AppData\Local\Temp\\Katalon\Appium\Temp1712680280676
[35m[Appium][39m   chromedriverPort: 52096
[35m[Appium][39m Deprecated server args:
[35m[Appium][39m   [31m--chromedriver-port[39m => --default-capabilities
[35m[Appium][39m Default capabilities, which will be added to each request unless overridden by desired capabilities:
[35m[Appium][39m   chromedriverPort: 52096
[35m[Appium][39m Appium REST http interface listener started on 0.0.0.0:52095
[35m[HTTP][39m [37m-->[39m [37mGET[39m [37m/wd/hub/status[39m
[35m[HTTP][39m [90m{}[39m
[35m[HTTP][39m [37m<-- GET /wd/hub/status [39m[32m200[39m [90m4 ms - 68[39m
[35m[HTTP][39m [90m[39m
[35m[HTTP][39m [37m-->[39m [37mGET[39m [37m/wd/hub/status[39m
[35m[HTTP][39m [90m{}[39m
[35m[HTTP][39m [37m<-- GET /wd/hub/status [39m[32m200[39m [90m1 ms - 68[39m
[35m[HTTP][39m [90m[39m
[35m[HTTP][39m [37m-->[39m [37mPOST[39m [37m/wd/hub/session[39m
[35m[HTTP][39m [90m{"desiredCapabilities":{"appActivity":".Settings","appPackage":"com.android.settings","newCommandTimeout":1800,"platformVersion":"12","automationName":"uiautomator2","autoGrantPermissions":true,"platformName":"Android","udid":"emulator-5554","deviceName":"emulator-5554 (sdk_gphone64_x86_64 - Android 12)","platform":"ANDROID","systemPort":8249},"capabilities":{"firstMatch":[{"appium:appActivity":".Settings","appium:appPackage":"com.android.settings","appium:autoGrantPermissions":true,"appium:automationName":"uiautomator2","appium:deviceName":"emulator-5554 (sdk_gphone64_x86_64 - Android 12)","appium:newCommandTimeout":1800,"platform":"ANDROID","platformName":"android","appium:platformVersion":"12","appium:systemPort":8249,"appium:udid":"emulator-5554"}]}}[39m
[35m[BaseDriver][39m The following capabilities are not standard capabilities and should have an extension prefix:
[35m[BaseDriver][39m   platform
[35m[BaseDriver][39m   chromedriverPort
[35m[Appium][39m Appium v1.22.3 creating new AndroidUiautomator2Driver (v1.70.1) session
[35m[BaseDriver][39m The following capabilities were provided, but are not recognized by Appium:
[35m[BaseDriver][39m   platform
[35m[BaseDriver][39m Session created with session id: 740df5d0-1fd7-45a1-82c3-7a6d0029c305
[35m[UiAutomator2][39m Starting 'com.android.settings' directly on the device
[35m[ADB][39m Found 1 'build-tools' folders under 'C:\Users\Taha\.katalon\tools\android_sdk' (newest first):
[35m[ADB][39m     C:/Users/Taha/.katalon/tools/android_sdk/build-tools/29.0.3
[35m[ADB][39m Using 'adb.exe' from 'C:\Users\Taha\.katalon\tools\android_sdk\platform-tools\adb.exe'
[35m[AndroidDriver][39m Retrieving device list
[35m[AndroidDriver][39m Using device: emulator-5554
[35m[ADB][39m Using 'adb.exe' from 'C:\Users\Taha\.katalon\tools\android_sdk\platform-tools\adb.exe'
[35m[ADB][39m Getting device platform version
[35m[UiAutomator2][39m Relaxing hidden api policy
[35m[AndroidDriver][39m No app sent in, not parsing package/activity
[35m[ADB][39m Using 'apksigner.jar' from 'C:\Users\Taha\.katalon\tools\android_sdk\build-tools\29.0.3\lib\apksigner.jar'
[35m[ADB][39m 'C:\Users\Taha\AppData\Roaming\npm\node_modules\appium\node_modules\appium-uiautomator2-server\apks\appium-uiautomator2-server-v4.27.0.apk' is signed with the default certificate
[35m[ADB][39m 'C:\Users\Taha\AppData\Roaming\npm\node_modules\appium\node_modules\appium-uiautomator2-server\apks\appium-uiautomator2-server-debug-androidTest.apk' is signed with the default certificate
[35m[UiAutomator2][39m Server packages are not going to be (re)installed
[35m[ADB][39m Adding packages ["io.appium.settings","io.appium.uiautomator2.server","io.appium.uiautomator2.server.test"] to Doze whitelist
[35m[UiAutomator2][39m Starting UIAutomator2 server 4.27.0
[35m[UiAutomator2][39m Using UIAutomator2 server from 'C:\Users\Taha\AppData\Roaming\npm\node_modules\appium\node_modules\appium-uiautomator2-server\apks\appium-uiautomator2-server-v4.27.0.apk' and test from 'C:\Users\Taha\AppData\Roaming\npm\node_modules\appium\node_modules\appium-uiautomator2-server\apks\appium-uiautomator2-server-debug-androidTest.apk'
[35m[UiAutomator2][39m Waiting up to 30000ms for UiAutomator2 to be online...
[35m[WD Proxy][39m socket hang up
[35m[WD Proxy][39m socket hang up
[35m[WD Proxy][39m socket hang up
[35m[WD Proxy][39m Determined the downstream protocol as 'W3C'
[35m[AndroidDriver][39m Screen already unlocked, doing nothing
[35m[UiAutomator2][39m Starting 'com.android.settings/.Settings and waiting for 'com.android.settings/.Settings'
[35m[Appium][39m New AndroidUiautomator2Driver session created successfully, session 740df5d0-1fd7-45a1-82c3-7a6d0029c305 added to master session list
[35m[HTTP][39m [37m<-- POST /wd/hub/session [39m[32m200[39m [90m7214 ms - 1194[39m
[35m[HTTP][39m [90m[39m
[35m[HTTP][39m [37m-->[39m [37mGET[39m [37m/wd/hub/session/740df5d0-1fd7-45a1-82c3-7a6d0029c305[39m
[35m[HTTP][39m [90m{}[39m
[35m[HTTP][39m [37m<-- GET /wd/hub/session/740df5d0-1fd7-45a1-82c3-7a6d0029c305 [39m[32m200[39m [90m9 ms - 1148[39m
[35m[HTTP][39m [90m[39m
[35m[HTTP][39m [37m-->[39m [37mGET[39m [37m/wd/hub/session/740df5d0-1fd7-45a1-82c3-7a6d0029c305[39m
[35m[HTTP][39m [90m{}[39m
[35m[HTTP][39m [37m<-- GET /wd/hub/session/740df5d0-1fd7-45a1-82c3-7a6d0029c305 [39m[32m200[39m [90m8 ms - 1148[39m
[35m[HTTP][39m [90m[39m
[35m[HTTP][39m [37m-->[39m [37mGET[39m [37m/wd/hub/status[39m
[35m[HTTP][39m [90m{}[39m
[35m[HTTP][39m [37m<-- GET /wd/hub/status [39m[32m200[39m [90m1 ms - 68[39m
[35m[HTTP][39m [90m[39m
[35m[HTTP][39m [37m-->[39m [37mPOST[39m [37m/wd/hub/session/740df5d0-1fd7-45a1-82c3-7a6d0029c305/timeouts[39m
[35m[HTTP][39m [90m{"implicit":60000}[39m
[35m[HTTP][39m [37m<-- POST /wd/hub/session/740df5d0-1fd7-45a1-82c3-7a6d0029c305/timeouts [39m[32m200[39m [90m2 ms - 14[39m
[35m[HTTP][39m [90m[39m
[35m[HTTP][39m [37m-->[39m [37mGET[39m [37m/wd/hub/session/740df5d0-1fd7-45a1-82c3-7a6d0029c305/screenshot[39m
[35m[HTTP][39m [90m{}[39m
[35m[HTTP][39m [37m<-- GET /wd/hub/session/740df5d0-1fd7-45a1-82c3-7a6d0029c305/screenshot [39m[32m200[39m [90m370 ms - 36036[39m
[35m[HTTP][39m [90m[39m
[35m[HTTP][39m [37m-->[39m [37mGET[39m [37m/wd/hub/session/740df5d0-1fd7-45a1-82c3-7a6d0029c305/window/rect[39m
[35m[HTTP][39m [90m{}[39m
[35m[HTTP][39m [37m<-- GET /wd/hub/session/740df5d0-1fd7-45a1-82c3-7a6d0029c305/window/rect [39m[32m200[39m [90m13 ms - 50[39m
[35m[HTTP][39m [90m[39m
[35m[HTTP][39m [37m-->[39m [37mGET[39m [37m/wd/hub/session/740df5d0-1fd7-45a1-82c3-7a6d0029c305/appium/device/system_bars[39m
[35m[HTTP][39m [90m{}[39m
[35m[HTTP][39m [37m<-- GET /wd/hub/session/740df5d0-1fd7-45a1-82c3-7a6d0029c305/appium/device/system_bars [39m[32m200[39m [90m43 ms - 145[39m
[35m[HTTP][39m [90m[39m
[35m[HTTP][39m [37m-->[39m [37mPOST[39m [37m/wd/hub/session/740df5d0-1fd7-45a1-82c3-7a6d0029c305/appium/device/activate_app[39m
[35m[HTTP][39m [90m{"bundleId":"app.three.android"}[39m
[35m[HTTP][39m [37m<-- POST /wd/hub/session/740df5d0-1fd7-45a1-82c3-7a6d0029c305/appium/device/activate_app [39m[32m200[39m [90m355 ms - 14[39m
[35m[HTTP][39m [90m[39m
[35m[HTTP][39m [37m-->[39m [37mGET[39m [37m/wd/hub/session/740df5d0-1fd7-45a1-82c3-7a6d0029c305/source[39m
[35m[HTTP][39m [90m{}[39m
[35m[W3C (740df5d0)][39m Driver proxy active, passing request on via HTTP proxy
[35m[WD Proxy][39m Replacing sessionId 3323c2f2-698e-46ef-af7c-785117a5514e with 740df5d0-1fd7-45a1-82c3-7a6d0029c305
[35m[HTTP][39m [37m<-- GET /wd/hub/session/740df5d0-1fd7-45a1-82c3-7a6d0029c305/source [39m[32m200[39m [90m586 ms - 27489[39m
[35m[HTTP][39m [90m[39m
[35m[HTTP][39m [37m-->[39m [37mGET[39m [37m/wd/hub/session/740df5d0-1fd7-45a1-82c3-7a6d0029c305/screenshot[39m
[35m[HTTP][39m [90m{}[39m
[35m[HTTP][39m [37m<-- GET /wd/hub/session/740df5d0-1fd7-45a1-82c3-7a6d0029c305/screenshot [39m[32m200[39m [90m371 ms - 35434[39m
[35m[HTTP][39m [90m[39m
[35m[HTTP][39m [37m-->[39m [37mGET[39m [37m/wd/hub/session/740df5d0-1fd7-45a1-82c3-7a6d0029c305/context[39m
[35m[HTTP][39m [90m{}[39m
[35m[HTTP][39m [37m<-- GET /wd/hub/session/740df5d0-1fd7-45a1-82c3-7a6d0029c305/context [39m[32m200[39m [90m1 ms - 22[39m
[35m[HTTP][39m [90m[39m
[35m[HTTP][39m [37m-->[39m [37mGET[39m [37m/wd/hub/session/740df5d0-1fd7-45a1-82c3-7a6d0029c305/contexts[39m
[35m[HTTP][39m [90m{}[39m
[35m[HTTP][39m [37m<-- GET /wd/hub/session/740df5d0-1fd7-45a1-82c3-7a6d0029c305/contexts [39m[32m200[39m [90m53 ms - 24[39m
[35m[HTTP][39m [90m[39m
[35m[HTTP][39m [37m-->[39m [37mPOST[39m [37m/wd/hub/session/740df5d0-1fd7-45a1-82c3-7a6d0029c305/context[39m
[35m[HTTP][39m [90m{"name":"NATIVE_APP"}[39m
[35m[HTTP][39m [37m<-- POST /wd/hub/session/740df5d0-1fd7-45a1-82c3-7a6d0029c305/context [39m[32m200[39m [90m1 ms - 14[39m
[35m[HTTP][39m [90m[39m
[35m[HTTP][39m [37m-->[39m [37mPOST[39m [37m/wd/hub/session/740df5d0-1fd7-45a1-82c3-7a6d0029c305/element[39m
[35m[HTTP][39m [90m{"using":"-android uiautomator","value":"new UiScrollable(new UiSelector().scrollable(true).instance(0)).scrollIntoView(new UiSelector().textContains(\"Three\"))"}[39m
[35m[HTTP][39m [37m<-- POST /wd/hub/session/740df5d0-1fd7-45a1-82c3-7a6d0029c305/element [39m[32m200[39m [90m81 ms - 137[39m
[35m[HTTP][39m [90m[39m
[35m[HTTP][39m [37m-->[39m [37mPOST[39m [37m/wd/hub/session/740df5d0-1fd7-45a1-82c3-7a6d0029c305/context[39m
[35m[HTTP][39m [90m{"name":"NATIVE_APP"}[39m
[35m[HTTP][39m [37m<-- POST /wd/hub/session/740df5d0-1fd7-45a1-82c3-7a6d0029c305/context [39m[32m200[39m [90m1 ms - 14[39m
[35m[HTTP][39m [90m[39m
[35m[HTTP][39m [37m-->[39m [37mGET[39m [37m/wd/hub/session/740df5d0-1fd7-45a1-82c3-7a6d0029c305/source[39m
[35m[HTTP][39m [90m{}[39m
[35m[W3C (740df5d0)][39m Driver proxy active, passing request on via HTTP proxy
[35m[WD Proxy][39m Replacing sessionId 3323c2f2-698e-46ef-af7c-785117a5514e with 740df5d0-1fd7-45a1-82c3-7a6d0029c305
[35m[HTTP][39m [37m<-- GET /wd/hub/session/740df5d0-1fd7-45a1-82c3-7a6d0029c305/source [39m[32m200[39m [90m123 ms - 64014[39m
[35m[HTTP][39m [90m[39m
[35m[HTTP][39m [37m-->[39m [37mGET[39m [37m/wd/hub/session/740df5d0-1fd7-45a1-82c3-7a6d0029c305/screenshot[39m
[35m[HTTP][39m [90m{}[39m
[35m[HTTP][39m [37m<-- GET /wd/hub/session/740df5d0-1fd7-45a1-82c3-7a6d0029c305/screenshot [39m[32m200[39m [90m809 ms - 2754566[39m
[35m[HTTP][39m [90m[39m
[35m[HTTP][39m [37m-->[39m [37mPOST[39m [37m/wd/hub/session/740df5d0-1fd7-45a1-82c3-7a6d0029c305/elements[39m
[35m[HTTP][39m [90m{"using":"xpath","value":"//*[@class = 'android.widget.ImageView' and @resource-id = 'app.three.android:id/iv_main_tab' and (@text = '' or . = '')]"}[39m
[35m[HTTP][39m [37m<-- POST /wd/hub/session/740df5d0-1fd7-45a1-82c3-7a6d0029c305/elements [39m[32m200[39m [90m464 ms - 651[39m
[35m[HTTP][39m [90m[39m
[35m[HTTP][39m [37m-->[39m [37mPOST[39m [37m/wd/hub/session/740df5d0-1fd7-45a1-82c3-7a6d0029c305/elements[39m
[35m[HTTP][39m [90m{"using":"id","value":"app.three.android:id/iv_main_tab"}[39m
[35m[HTTP][39m [37m<-- POST /wd/hub/session/740df5d0-1fd7-45a1-82c3-7a6d0029c305/elements [39m[32m200[39m [90m53 ms - 651[39m
[35m[HTTP][39m [90m[39m
[35m[HTTP][39m [37m-->[39m [37mPOST[39m [37m/wd/hub/session/740df5d0-1fd7-45a1-82c3-7a6d0029c305/elements[39m
[35m[HTTP][39m [90m{"using":"-android uiautomator","value":"new UiSelector().className(\"android.widget.ImageView\").resourceId(\"app.three.android:id/iv_main_tab\")"}[39m
[35m[HTTP][39m [37m<-- POST /wd/hub/session/740df5d0-1fd7-45a1-82c3-7a6d0029c305/elements [39m[32m200[39m [90m56 ms - 651[39m
[35m[HTTP][39m [90m[39m
[35m[HTTP][39m [37m-->[39m [37mGET[39m [37m/wd/hub/session/740df5d0-1fd7-45a1-82c3-7a6d0029c305/window/rect[39m
[35m[HTTP][39m [90m{}[39m
[35m[HTTP][39m [37m<-- GET /wd/hub/session/740df5d0-1fd7-45a1-82c3-7a6d0029c305/window/rect [39m[32m200[39m [90m9 ms - 50[39m
[35m[HTTP][39m [90m[39m
[35m[HTTP][39m [37m-->[39m [37mPOST[39m [37m/wd/hub/session/740df5d0-1fd7-45a1-82c3-7a6d0029c305/elements[39m
[35m[HTTP][39m [90m{"using":"xpath","value":"//hierarchy/android.widget.FrameLayout[1]/android.widget.LinearLayout[1]/android.widget.FrameLayout[1]/android.widget.LinearLayout[1]/android.widget.FrameLayout[1]/android.widget.FrameLayout[1]/android.widget.FrameLayout[1]/android.widget.HorizontalScrollView[1]/android.widget.LinearLayout[1]/android.widget.LinearLayout[4]/android.widget.RelativeLayout[1]/android.widget.RelativeLayout[1]/android.widget.ImageView[1]"}[39m
[35m[HTTP][39m [37m<-- POST /wd/hub/session/740df5d0-1fd7-45a1-82c3-7a6d0029c305/elements [39m[32m200[39m [90m84 ms - 139[39m
[35m[HTTP][39m [90m[39m
[35m[HTTP][39m [37m-->[39m [37mGET[39m [37m/wd/hub/session/740df5d0-1fd7-45a1-82c3-7a6d0029c305/element/00000000-0000-0016-ffff-ffff00000036/location[39m
[35m[HTTP][39m [90m{}[39m
[35m[W3C (740df5d0)][39m Driver proxy active, passing request on via HTTP proxy
[35m[WD Proxy][39m Replacing sessionId 3323c2f2-698e-46ef-af7c-785117a5514e with 740df5d0-1fd7-45a1-82c3-7a6d0029c305
[35m[HTTP][39m [37m<-- GET /wd/hub/session/740df5d0-1fd7-45a1-82c3-7a6d0029c305/element/00000000-0000-0016-ffff-ffff00000036/location [39m[32m200[39m [90m11 ms - 79[39m
[35m[HTTP][39m [90m[39m
[35m[HTTP][39m [37m-->[39m [37mPOST[39m [37m/wd/hub/session/740df5d0-1fd7-45a1-82c3-7a6d0029c305/element/00000000-0000-0016-ffff-ffff00000036/click[39m
[35m[HTTP][39m [90m{"id":"00000000-0000-0016-ffff-ffff00000036"}[39m
[35m[HTTP][39m [37m<-- POST /wd/hub/session/740df5d0-1fd7-45a1-82c3-7a6d0029c305/element/00000000-0000-0016-ffff-ffff00000036/click [39m[32m200[39m [90m726 ms - 14[39m
[35m[HTTP][39m [90m[39m
[35m[HTTP][39m [37m-->[39m [37mGET[39m [37m/wd/hub/session/740df5d0-1fd7-45a1-82c3-7a6d0029c305/source[39m
[35m[HTTP][39m [90m{}[39m
[35m[W3C (740df5d0)][39m Driver proxy active, passing request on via HTTP proxy
[35m[WD Proxy][39m Replacing sessionId 3323c2f2-698e-46ef-af7c-785117a5514e with 740df5d0-1fd7-45a1-82c3-7a6d0029c305
[35m[HTTP][39m [37m<-- GET /wd/hub/session/740df5d0-1fd7-45a1-82c3-7a6d0029c305/source [39m[32m200[39m [90m32 ms - 5194[39m
[35m[HTTP][39m [90m[39m
[35m[HTTP][39m [37m-->[39m [37mGET[39m [37m/wd/hub/session/740df5d0-1fd7-45a1-82c3-7a6d0029c305/screenshot[39m
[35m[HTTP][39m [90m{}[39m
[35m[HTTP][39m [37m<-- GET /wd/hub/session/740df5d0-1fd7-45a1-82c3-7a6d0029c305/screenshot [39m[32m200[39m [90m233 ms - 236948[39m
[35m[HTTP][39m [90m[39m
[35m[HTTP][39m [37m-->[39m [37mPOST[39m [37m/wd/hub/session/740df5d0-1fd7-45a1-82c3-7a6d0029c305/elements[39m
[35m[HTTP][39m [90m{"using":"xpath","value":"//*[@class = 'android.widget.TextView' and (@text = 'Got it' or . = 'Got it') and @resource-id = 'app.three.android:id/tv_done']"}[39m
[35m[HTTP][39m [37m<-- POST /wd/hub/session/740df5d0-1fd7-45a1-82c3-7a6d0029c305/elements [39m[32m200[39m [90m52 ms - 139[39m
[35m[HTTP][39m [90m[39m
[35m[HTTP][39m [37m-->[39m [37mGET[39m [37m/wd/hub/session/740df5d0-1fd7-45a1-82c3-7a6d0029c305/window/rect[39m
[35m[HTTP][39m [90m{}[39m
[35m[HTTP][39m [37m<-- GET /wd/hub/session/740df5d0-1fd7-45a1-82c3-7a6d0029c305/window/rect [39m[32m200[39m [90m8 ms - 50[39m
[35m[HTTP][39m [90m[39m
[35m[HTTP][39m [37m-->[39m [37mPOST[39m [37m/wd/hub/session/740df5d0-1fd7-45a1-82c3-7a6d0029c305/elements[39m
[35m[HTTP][39m [90m{"using":"xpath","value":"//*[@class = 'android.widget.TextView' and (@text = 'Got it' or . = 'Got it') and @resource-id = 'app.three.android:id/tv_done']"}[39m
[35m[HTTP][39m [37m<-- POST /wd/hub/session/740df5d0-1fd7-45a1-82c3-7a6d0029c305/elements [39m[32m200[39m [90m44 ms - 139[39m
[35m[HTTP][39m [90m[39m
[35m[HTTP][39m [37m-->[39m [37mGET[39m [37m/wd/hub/session/740df5d0-1fd7-45a1-82c3-7a6d0029c305/element/00000000-0000-0017-ffff-ffff000002f5/location[39m
[35m[HTTP][39m [90m{}[39m
[35m[W3C (740df5d0)][39m Driver proxy active, passing request on via HTTP proxy
[35m[WD Proxy][39m Replacing sessionId 3323c2f2-698e-46ef-af7c-785117a5514e with 740df5d0-1fd7-45a1-82c3-7a6d0029c305
[35m[HTTP][39m [37m<-- GET /wd/hub/session/740df5d0-1fd7-45a1-82c3-7a6d0029c305/element/00000000-0000-0017-ffff-ffff000002f5/location [39m[32m200[39m [90m42 ms - 78[39m
[35m[HTTP][39m [90m[39m
[35m[HTTP][39m [37m-->[39m [37mPOST[39m [37m/wd/hub/session/740df5d0-1fd7-45a1-82c3-7a6d0029c305/element/00000000-0000-0017-ffff-ffff000002f5/click[39m
[35m[HTTP][39m [90m{"id":"00000000-0000-0017-ffff-ffff000002f5"}[39m
[35m[HTTP][39m [37m<-- POST /wd/hub/session/740df5d0-1fd7-45a1-82c3-7a6d0029c305/element/00000000-0000-0017-ffff-ffff000002f5/click [39m[32m200[39m [90m76 ms - 14[39m
[35m[HTTP][39m [90m[39m
[35m[HTTP][39m [37m-->[39m [37mGET[39m [37m/wd/hub/session/740df5d0-1fd7-45a1-82c3-7a6d0029c305/source[39m
[35m[HTTP][39m [90m{}[39m
[35m[W3C (740df5d0)][39m Driver proxy active, passing request on via HTTP proxy
[35m[WD Proxy][39m Replacing sessionId 3323c2f2-698e-46ef-af7c-785117a5514e with 740df5d0-1fd7-45a1-82c3-7a6d0029c305
[35m[HTTP][39m [37m<-- GET /wd/hub/session/740df5d0-1fd7-45a1-82c3-7a6d0029c305/source [39m[32m200[39m [90m10271 ms - 32592[39m
[35m[HTTP][39m [90m[39m
[35m[HTTP][39m [37m-->[39m [37mGET[39m [37m/wd/hub/session/740df5d0-1fd7-45a1-82c3-7a6d0029c305/screenshot[39m
[35m[HTTP][39m [90m{}[39m
[35m[HTTP][39m [37m<-- GET /wd/hub/session/740df5d0-1fd7-45a1-82c3-7a6d0029c305/screenshot [39m[32m200[39m [90m318 ms - 344690[39m
[35m[HTTP][39m [90m[39m
[35m[HTTP][39m [37m-->[39m [37mPOST[39m [37m/wd/hub/session/740df5d0-1fd7-45a1-82c3-7a6d0029c305/elements[39m
[35m[HTTP][39m [90m{"using":"xpath","value":"//*[@class = 'android.widget.ImageView' and @resource-id = 'app.three.android:id/iv_create_group' and (@text = '' or . = '')]"}[39m
[35m[HTTP][39m [37m<-- POST /wd/hub/session/740df5d0-1fd7-45a1-82c3-7a6d0029c305/elements [39m[32m200[39m [90m10225 ms - 139[39m
[35m[HTTP][39m [90m[39m
[35m[HTTP][39m [37m-->[39m [37mGET[39m [37m/wd/hub/session/740df5d0-1fd7-45a1-82c3-7a6d0029c305/window/rect[39m
[35m[HTTP][39m [90m{}[39m
[35m[HTTP][39m [37m<-- GET /wd/hub/session/740df5d0-1fd7-45a1-82c3-7a6d0029c305/window/rect [39m[32m200[39m [90m6 ms - 50[39m
[35m[HTTP][39m [90m[39m
[35m[HTTP][39m [37m-->[39m [37mPOST[39m [37m/wd/hub/session/740df5d0-1fd7-45a1-82c3-7a6d0029c305/elements[39m
[35m[HTTP][39m [90m{"using":"xpath","value":"//*[@class = 'android.widget.ImageView' and @resource-id = 'app.three.android:id/iv_create_group' and (@text = '' or . = '')]"}[39m
[35m[HTTP][39m [37m<-- POST /wd/hub/session/740df5d0-1fd7-45a1-82c3-7a6d0029c305/elements [39m[32m200[39m [90m10367 ms - 139[39m
[35m[HTTP][39m [90m[39m
[35m[HTTP][39m [37m-->[39m [37mGET[39m [37m/wd/hub/session/740df5d0-1fd7-45a1-82c3-7a6d0029c305/element/00000000-0000-0016-ffff-ffff000000cb/location[39m
[35m[HTTP][39m [90m{}[39m
[35m[W3C (740df5d0)][39m Driver proxy active, passing request on via HTTP proxy
[35m[WD Proxy][39m Replacing sessionId 3323c2f2-698e-46ef-af7c-785117a5514e with 740df5d0-1fd7-45a1-82c3-7a6d0029c305
[35m[HTTP][39m [37m<-- GET /wd/hub/session/740df5d0-1fd7-45a1-82c3-7a6d0029c305/element/00000000-0000-0016-ffff-ffff000000cb/location [39m[32m200[39m [90m20223 ms - 78[39m
[35m[HTTP][39m [90m[39m
[35m[HTTP][39m [37m-->[39m [37mPOST[39m [37m/wd/hub/session/740df5d0-1fd7-45a1-82c3-7a6d0029c305/element/00000000-0000-0016-ffff-ffff000000cb/click[39m
[35m[HTTP][39m [90m{"id":"00000000-0000-0016-ffff-ffff000000cb"}[39m
[35m[HTTP][39m [37m<-- POST /wd/hub/session/740df5d0-1fd7-45a1-82c3-7a6d0029c305/element/00000000-0000-0016-ffff-ffff000000cb/click [39m[32m200[39m [90m30307 ms - 14[39m
[35m[HTTP][39m [90m[39m
[35m[HTTP][39m [37m-->[39m [37mGET[39m [37m/wd/hub/session/740df5d0-1fd7-45a1-82c3-7a6d0029c305/source[39m
[35m[HTTP][39m [90m{}[39m
[35m[W3C (740df5d0)][39m Driver proxy active, passing request on via HTTP proxy
[35m[WD Proxy][39m Replacing sessionId 3323c2f2-698e-46ef-af7c-785117a5514e with 740df5d0-1fd7-45a1-82c3-7a6d0029c305
[35m[HTTP][39m [37m<-- GET /wd/hub/session/740df5d0-1fd7-45a1-82c3-7a6d0029c305/source [39m[32m200[39m [90m10382 ms - 37743[39m
[35m[HTTP][39m [90m[39m
[35m[HTTP][39m [37m-->[39m [37mGET[39m [37m/wd/hub/session/740df5d0-1fd7-45a1-82c3-7a6d0029c305/screenshot[39m
[35m[HTTP][39m [90m{}[39m
[35m[HTTP][39m [37m<-- GET /wd/hub/session/740df5d0-1fd7-45a1-82c3-7a6d0029c305/screenshot [39m[32m200[39m [90m222 ms - 63960[39m
[35m[HTTP][39m [90m[39m
[35m[HTTP][39m [37m-->[39m [37mPOST[39m [37m/wd/hub/session/740df5d0-1fd7-45a1-82c3-7a6d0029c305/elements[39m
[35m[HTTP][39m [90m{"using":"xpath","value":"//*[@class = 'android.widget.LinearLayout' and (@text = '' or . = '')]"}[39m
[35m[HTTP][39m [37m<-- POST /wd/hub/session/740df5d0-1fd7-45a1-82c3-7a6d0029c305/elements [39m[32m200[39m [90m10504 ms - 1803[39m
[35m[HTTP][39m [90m[39m
[35m[HTTP][39m [37m-->[39m [37mPOST[39m [37m/wd/hub/session/740df5d0-1fd7-45a1-82c3-7a6d0029c305/elements[39m
[35m[HTTP][39m [90m{"using":"-android uiautomator","value":"new UiSelector().className(\"android.widget.LinearLayout\")"}[39m
[35m[HTTP][39m [37m<-- POST /wd/hub/session/740df5d0-1fd7-45a1-82c3-7a6d0029c305/elements [39m[32m200[39m [90m163999 ms - 1803[39m
[35m[HTTP][39m [90m[39m
[35m[HTTP][39m [37m-->[39m [37mGET[39m [37m/wd/hub/session/740df5d0-1fd7-45a1-82c3-7a6d0029c305/window/rect[39m
[35m[HTTP][39m [90m{}[39m
[35m[HTTP][39m [37m<-- GET /wd/hub/session/740df5d0-1fd7-45a1-82c3-7a6d0029c305/window/rect [39m[32m200[39m [90m6 ms - 50[39m
[35m[HTTP][39m [90m[39m
[35m[HTTP][39m [37m-->[39m [37mPOST[39m [37m/wd/hub/session/740df5d0-1fd7-45a1-82c3-7a6d0029c305/elements[39m
[35m[HTTP][39m [90m{"using":"xpath","value":"//hierarchy/android.widget.FrameLayout[1]/android.widget.LinearLayout[1]/android.widget.FrameLayout[1]/android.widget.LinearLayout[1]/android.widget.FrameLayout[1]/android.widget.FrameLayout[1]/android.widget.FrameLayout[1]/androidx.viewpager.widget.ViewPager[1]/androidx.recyclerview.widget.RecyclerView[1]/android.widget.FrameLayout[1]/android.widget.FrameLayout[1]/android.widget.FrameLayout[1]/android.widget.LinearLayout[1]/android.widget.FrameLayout[1]/android.widget.RelativeLayout[1]/androidx.recyclerview.widget.RecyclerView[1]/android.widget.LinearLayout[1]/android.widget.LinearLayout[1]"}[39m
[35m[HTTP][39m [37m<-- POST /wd/hub/session/740df5d0-1fd7-45a1-82c3-7a6d0029c305/elements [39m[32m200[39m [90m10363 ms - 139[39m
[35m[HTTP][39m [90m[39m
[35m[HTTP][39m [37m-->[39m [37mGET[39m [37m/wd/hub/session/740df5d0-1fd7-45a1-82c3-7a6d0029c305/element/00000000-0000-0016-ffff-ffff000002d1/location[39m
[35m[HTTP][39m [90m{}[39m
[35m[W3C (740df5d0)][39m Driver proxy active, passing request on via HTTP proxy
[35m[WD Proxy][39m Replacing sessionId 3323c2f2-698e-46ef-af7c-785117a5514e with 740df5d0-1fd7-45a1-82c3-7a6d0029c305
[35m[HTTP][39m [37m<-- GET /wd/hub/session/740df5d0-1fd7-45a1-82c3-7a6d0029c305/element/00000000-0000-0016-ffff-ffff000002d1/location [39m[32m200[39m [90m20223 ms - 78[39m
[35m[HTTP][39m [90m[39m
[35m[HTTP][39m [37m-->[39m [37mPOST[39m [37m/wd/hub/session/740df5d0-1fd7-45a1-82c3-7a6d0029c305/element/00000000-0000-0016-ffff-ffff000002d1/click[39m
[35m[HTTP][39m [90m{"id":"00000000-0000-0016-ffff-ffff000002d1"}[39m
[35m[HTTP][39m [37m<-- POST /wd/hub/session/740df5d0-1fd7-45a1-82c3-7a6d0029c305/element/00000000-0000-0016-ffff-ffff000002d1/click [39m[32m200[39m [90m30187 ms - 14[39m
[35m[HTTP][39m [90m[39m
[35m[HTTP][39m [37m-->[39m [37mGET[39m [37m/wd/hub/session/740df5d0-1fd7-45a1-82c3-7a6d0029c305/source[39m
[35m[HTTP][39m [90m{}[39m
[35m[W3C (740df5d0)][39m Driver proxy active, passing request on via HTTP proxy
[35m[WD Proxy][39m Replacing sessionId 3323c2f2-698e-46ef-af7c-785117a5514e with 740df5d0-1fd7-45a1-82c3-7a6d0029c305
[35m[HTTP][39m [37m<-- GET /wd/hub/session/740df5d0-1fd7-45a1-82c3-7a6d0029c305/source [39m[32m200[39m [90m10250 ms - 37743[39m
[35m[HTTP][39m [90m[39m
[35m[HTTP][39m [37m-->[39m [37mGET[39m [37m/wd/hub/session/740df5d0-1fd7-45a1-82c3-7a6d0029c305/screenshot[39m
[35m[HTTP][39m [90m{}[39m
[35m[HTTP][39m [37m<-- GET /wd/hub/session/740df5d0-1fd7-45a1-82c3-7a6d0029c305/screenshot [39m[32m200[39m [90m203 ms - 64966[39m
[35m[HTTP][39m [90m[39m
[35m[HTTP][39m [37m-->[39m [37mGET[39m [37m/wd/hub/session/740df5d0-1fd7-45a1-82c3-7a6d0029c305/context[39m
[35m[HTTP][39m [90m{}[39m
[35m[HTTP][39m [37m<-- GET /wd/hub/session/740df5d0-1fd7-45a1-82c3-7a6d0029c305/context [39m[32m200[39m [90m1 ms - 22[39m
[35m[HTTP][39m [90m[39m
[35m[HTTP][39m [37m-->[39m [37mGET[39m [37m/wd/hub/session/740df5d0-1fd7-45a1-82c3-7a6d0029c305/contexts[39m
[35m[HTTP][39m [90m{}[39m
[35m[HTTP][39m [37m<-- GET /wd/hub/session/740df5d0-1fd7-45a1-82c3-7a6d0029c305/contexts [39m[32m200[39m [90m42 ms - 24[39m
[35m[HTTP][39m [90m[39m
[35m[HTTP][39m [37m-->[39m [37mPOST[39m [37m/wd/hub/session/740df5d0-1fd7-45a1-82c3-7a6d0029c305/context[39m
[35m[HTTP][39m [90m{"name":"NATIVE_APP"}[39m
[35m[HTTP][39m [37m<-- POST /wd/hub/session/740df5d0-1fd7-45a1-82c3-7a6d0029c305/context [39m[32m200[39m [90m1 ms - 14[39m
[35m[HTTP][39m [90m[39m
[35m[HTTP][39m [37m-->[39m [37mPOST[39m [37m/wd/hub/session/740df5d0-1fd7-45a1-82c3-7a6d0029c305/element[39m
[35m[HTTP][39m [90m{"using":"-android uiautomator","value":"new UiScrollable(new UiSelector().scrollable(true).instance(0)).scrollIntoView(new UiSelector().textContains(\"Search\"))"}[39m
[35m[HTTP][39m [37m<-- POST /wd/hub/session/740df5d0-1fd7-45a1-82c3-7a6d0029c305/element [39m[32m200[39m [90m30882 ms - 137[39m
[35m[HTTP][39m [90m[39m
[35m[HTTP][39m [37m-->[39m [37mPOST[39m [37m/wd/hub/session/740df5d0-1fd7-45a1-82c3-7a6d0029c305/context[39m
[35m[HTTP][39m [90m{"name":"NATIVE_APP"}[39m
[35m[HTTP][39m [37m<-- POST /wd/hub/session/740df5d0-1fd7-45a1-82c3-7a6d0029c305/context [39m[32m200[39m [90m1 ms - 14[39m
[35m[HTTP][39m [90m[39m
[35m[HTTP][39m [37m-->[39m [37mGET[39m [37m/wd/hub/session/740df5d0-1fd7-45a1-82c3-7a6d0029c305/source[39m
[35m[HTTP][39m [90m{}[39m
[35m[W3C (740df5d0)][39m Driver proxy active, passing request on via HTTP proxy
[35m[WD Proxy][39m Replacing sessionId 3323c2f2-698e-46ef-af7c-785117a5514e with 740df5d0-1fd7-45a1-82c3-7a6d0029c305
[35m[HTTP][39m [37m<-- GET /wd/hub/session/740df5d0-1fd7-45a1-82c3-7a6d0029c305/source [39m[32m200[39m [90m10411 ms - 37743[39m
[35m[HTTP][39m [90m[39m
[35m[HTTP][39m [37m-->[39m [37mGET[39m [37m/wd/hub/session/740df5d0-1fd7-45a1-82c3-7a6d0029c305/screenshot[39m
[35m[HTTP][39m [90m{}[39m
[35m[HTTP][39m [37m<-- GET /wd/hub/session/740df5d0-1fd7-45a1-82c3-7a6d0029c305/screenshot [39m[32m200[39m [90m202 ms - 64798[39m
[35m[HTTP][39m [90m[39m
[35m[HTTP][39m [37m-->[39m [37mPOST[39m [37m/wd/hub/session/740df5d0-1fd7-45a1-82c3-7a6d0029c305/elements[39m
[35m[HTTP][39m [90m{"using":"xpath","value":"//*[@class = 'android.widget.TextView' and (@text = 'Messages' or . = 'Messages')]"}[39m
[35m[HTTP][39m [37m<-- POST /wd/hub/session/740df5d0-1fd7-45a1-82c3-7a6d0029c305/elements [39m[32m200[39m [90m10219 ms - 139[39m
[35m[HTTP][39m [90m[39m
[35m[HTTP][39m [37m-->[39m [37mGET[39m [37m/wd/hub/session/740df5d0-1fd7-45a1-82c3-7a6d0029c305/window/rect[39m
[35m[HTTP][39m [90m{}[39m
[35m[HTTP][39m [37m<-- GET /wd/hub/session/740df5d0-1fd7-45a1-82c3-7a6d0029c305/window/rect [39m[32m200[39m [90m6 ms - 50[39m
[35m[HTTP][39m [90m[39m
[35m[HTTP][39m [37m-->[39m [37mPOST[39m [37m/wd/hub/session/740df5d0-1fd7-45a1-82c3-7a6d0029c305/elements[39m
[35m[HTTP][39m [90m{"using":"xpath","value":"//*[@class = 'android.widget.TextView' and (@text = 'Messages' or . = 'Messages')]"}[39m
[35m[HTTP][39m [37m<-- POST /wd/hub/session/740df5d0-1fd7-45a1-82c3-7a6d0029c305/elements [39m[32m200[39m [90m10333 ms - 139[39m
[35m[HTTP][39m [90m[39m
[35m[HTTP][39m [37m-->[39m [37mGET[39m [37m/wd/hub/session/740df5d0-1fd7-45a1-82c3-7a6d0029c305/element/00000000-0000-0016-ffff-ffff000000c9/location[39m
[35m[HTTP][39m [90m{}[39m
[35m[W3C (740df5d0)][39m Driver proxy active, passing request on via HTTP proxy
[35m[WD Proxy][39m Replacing sessionId 3323c2f2-698e-46ef-af7c-785117a5514e with 740df5d0-1fd7-45a1-82c3-7a6d0029c305
[35m[HTTP][39m [37m<-- GET /wd/hub/session/740df5d0-1fd7-45a1-82c3-7a6d0029c305/element/00000000-0000-0016-ffff-ffff000000c9/location [39m[32m200[39m [90m20143 ms - 77[39m
[35m[HTTP][39m [90m[39m
[35m[HTTP][39m [37m-->[39m [37mPOST[39m [37m/wd/hub/session/740df5d0-1fd7-45a1-82c3-7a6d0029c305/element/00000000-0000-0016-ffff-ffff000000c9/click[39m
[35m[HTTP][39m [90m{"id":"00000000-0000-0016-ffff-ffff000000c9"}[39m
[35m[HTTP][39m [37m<-- POST /wd/hub/session/740df5d0-1fd7-45a1-82c3-7a6d0029c305/element/00000000-0000-0016-ffff-ffff000000c9/click [39m[32m200[39m [90m30177 ms - 14[39m
[35m[HTTP][39m [90m[39m
[35m[HTTP][39m [37m-->[39m [37mGET[39m [37m/wd/hub/session/740df5d0-1fd7-45a1-82c3-7a6d0029c305/source[39m
[35m[HTTP][39m [90m{}[39m
[35m[W3C (740df5d0)][39m Driver proxy active, passing request on via HTTP proxy
[35m[WD Proxy][39m Replacing sessionId 3323c2f2-698e-46ef-af7c-785117a5514e with 740df5d0-1fd7-45a1-82c3-7a6d0029c305
[35m[HTTP][39m [37m<-- GET /wd/hub/session/740df5d0-1fd7-45a1-82c3-7a6d0029c305/source [39m[32m200[39m [90m10157 ms - 32592[39m
[35m[HTTP][39m [90m[39m
[35m[HTTP][39m [37m-->[39m [37mGET[39m [37m/wd/hub/session/740df5d0-1fd7-45a1-82c3-7a6d0029c305/screenshot[39m
[35m[HTTP][39m [90m{}[39m
[35m[HTTP][39m [37m<-- GET /wd/hub/session/740df5d0-1fd7-45a1-82c3-7a6d0029c305/screenshot [39m[32m200[39m [90m269 ms - 343808[39m
[35m[HTTP][39m [90m[39m
[35m[HTTP][39m [37m-->[39m [37mPOST[39m [37m/wd/hub/session/740df5d0-1fd7-45a1-82c3-7a6d0029c305/elements[39m
[35m[HTTP][39m [90m{"using":"xpath","value":"//*[@class = 'android.widget.ImageView' and @resource-id = 'app.three.android:id/iv_create_group' and (@text = '' or . = '')]"}[39m
[35m[HTTP][39m [37m<-- POST /wd/hub/session/740df5d0-1fd7-45a1-82c3-7a6d0029c305/elements [39m[32m200[39m [90m10333 ms - 139[39m
[35m[HTTP][39m [90m[39m
[35m[HTTP][39m [37m-->[39m [37mGET[39m [37m/wd/hub/session/740df5d0-1fd7-45a1-82c3-7a6d0029c305/window/rect[39m
[35m[HTTP][39m [90m{}[39m
[35m[HTTP][39m [37m<-- GET /wd/hub/session/740df5d0-1fd7-45a1-82c3-7a6d0029c305/window/rect [39m[32m200[39m [90m6 ms - 50[39m
[35m[HTTP][39m [90m[39m
[35m[HTTP][39m [37m-->[39m [37mPOST[39m [37m/wd/hub/session/740df5d0-1fd7-45a1-82c3-7a6d0029c305/elements[39m
[35m[HTTP][39m [90m{"using":"xpath","value":"//*[@class = 'android.widget.ImageView' and @resource-id = 'app.three.android:id/iv_create_group' and (@text = '' or . = '')]"}[39m
[35m[HTTP][39m [37m<-- POST /wd/hub/session/740df5d0-1fd7-45a1-82c3-7a6d0029c305/elements [39m[32m200[39m [90m10162 ms - 139[39m
[35m[HTTP][39m [90m[39m
[35m[HTTP][39m [37m-->[39m [37mGET[39m [37m/wd/hub/session/740df5d0-1fd7-45a1-82c3-7a6d0029c305/element/00000000-0000-0016-ffff-ffff000000cb/location[39m
[35m[HTTP][39m [90m{}[39m
[35m[W3C (740df5d0)][39m Driver proxy active, passing request on via HTTP proxy
[35m[WD Proxy][39m Replacing sessionId 3323c2f2-698e-46ef-af7c-785117a5514e with 740df5d0-1fd7-45a1-82c3-7a6d0029c305
[35m[HTTP][39m [37m<-- GET /wd/hub/session/740df5d0-1fd7-45a1-82c3-7a6d0029c305/element/00000000-0000-0016-ffff-ffff000000cb/location [39m[32m200[39m [90m20224 ms - 78[39m
[35m[HTTP][39m [90m[39m
[35m[HTTP][39m [37m-->[39m [37mPOST[39m [37m/wd/hub/session/740df5d0-1fd7-45a1-82c3-7a6d0029c305/element/00000000-0000-0016-ffff-ffff000000cb/click[39m
[35m[HTTP][39m [90m{"id":"00000000-0000-0016-ffff-ffff000000cb"}[39m
[35m[HTTP][39m [37m<-- POST /wd/hub/session/740df5d0-1fd7-45a1-82c3-7a6d0029c305/element/00000000-0000-0016-ffff-ffff000000cb/click [39m[32m200[39m [90m30176 ms - 14[39m
[35m[HTTP][39m [90m[39m
[35m[HTTP][39m [37m-->[39m [37mGET[39m [37m/wd/hub/session/740df5d0-1fd7-45a1-82c3-7a6d0029c305/source[39m
[35m[HTTP][39m [90m{}[39m
[35m[W3C (740df5d0)][39m Driver proxy active, passing request on via HTTP proxy
[35m[WD Proxy][39m Replacing sessionId 3323c2f2-698e-46ef-af7c-785117a5514e with 740df5d0-1fd7-45a1-82c3-7a6d0029c305
[35m[HTTP][39m [37m<-- GET /wd/hub/session/740df5d0-1fd7-45a1-82c3-7a6d0029c305/source [39m[32m200[39m [90m10334 ms - 37743[39m
[35m[HTTP][39m [90m[39m
[35m[HTTP][39m [37m-->[39m [37mGET[39m [37m/wd/hub/session/740df5d0-1fd7-45a1-82c3-7a6d0029c305/screenshot[39m
[35m[HTTP][39m [90m{}[39m
[35m[HTTP][39m [37m<-- GET /wd/hub/session/740df5d0-1fd7-45a1-82c3-7a6d0029c305/screenshot [39m[32m200[39m [90m225 ms - 64178[39m
[35m[HTTP][39m [90m[39m
[35m[HTTP][39m [37m-->[39m [37mPOST[39m [37m/wd/hub/session/740df5d0-1fd7-45a1-82c3-7a6d0029c305/elements[39m
[35m[HTTP][39m [90m{"using":"xpath","value":"//*[@class = 'android.widget.TextView' and (@text = 'Search' or . = 'Search')]"}[39m
[35m[HTTP][39m [37m<-- POST /wd/hub/session/740df5d0-1fd7-45a1-82c3-7a6d0029c305/elements [39m[32m200[39m [90m10352 ms - 139[39m
[35m[HTTP][39m [90m[39m
[35m[HTTP][39m [37m-->[39m [37mGET[39m [37m/wd/hub/session/740df5d0-1fd7-45a1-82c3-7a6d0029c305/window/rect[39m
[35m[HTTP][39m [90m{}[39m
[35m[HTTP][39m [37m<-- GET /wd/hub/session/740df5d0-1fd7-45a1-82c3-7a6d0029c305/window/rect [39m[32m200[39m [90m6 ms - 50[39m
[35m[HTTP][39m [90m[39m
[35m[HTTP][39m [37m-->[39m [37mPOST[39m [37m/wd/hub/session/740df5d0-1fd7-45a1-82c3-7a6d0029c305/elements[39m
[35m[HTTP][39m [90m{"using":"xpath","value":"//*[@class = 'android.widget.TextView' and (@text = 'Search' or . = 'Search')]"}[39m
[35m[HTTP][39m [37m<-- POST /wd/hub/session/740df5d0-1fd7-45a1-82c3-7a6d0029c305/elements [39m[32m200[39m [90m10308 ms - 139[39m
[35m[HTTP][39m [90m[39m
[35m[HTTP][39m [37m-->[39m [37mGET[39m [37m/wd/hub/session/740df5d0-1fd7-45a1-82c3-7a6d0029c305/element/00000000-0000-0016-ffff-ffff0000033e/location[39m
[35m[HTTP][39m [90m{}[39m
[35m[W3C (740df5d0)][39m Driver proxy active, passing request on via HTTP proxy
[35m[WD Proxy][39m Replacing sessionId 3323c2f2-698e-46ef-af7c-785117a5514e with 740df5d0-1fd7-45a1-82c3-7a6d0029c305
[35m[HTTP][39m [37m<-- GET /wd/hub/session/740df5d0-1fd7-45a1-82c3-7a6d0029c305/element/00000000-0000-0016-ffff-ffff0000033e/location [39m[32m200[39m [90m20173 ms - 78[39m
[35m[HTTP][39m [90m[39m
[35m[HTTP][39m [37m-->[39m [37mPOST[39m [37m/wd/hub/session/740df5d0-1fd7-45a1-82c3-7a6d0029c305/element/00000000-0000-0016-ffff-ffff0000033e/click[39m
[35m[HTTP][39m [90m{"id":"00000000-0000-0016-ffff-ffff0000033e"}[39m
[35m[HTTP][39m [37m<-- POST /wd/hub/session/740df5d0-1fd7-45a1-82c3-7a6d0029c305/element/00000000-0000-0016-ffff-ffff0000033e/click [39m[32m200[39m [90m30157 ms - 14[39m
[35m[HTTP][39m [90m[39m
[35m[HTTP][39m [37m-->[39m [37mGET[39m [37m/wd/hub/session/740df5d0-1fd7-45a1-82c3-7a6d0029c305/source[39m
[35m[HTTP][39m [90m{}[39m
[35m[W3C (740df5d0)][39m Driver proxy active, passing request on via HTTP proxy
[35m[WD Proxy][39m Replacing sessionId 3323c2f2-698e-46ef-af7c-785117a5514e with 740df5d0-1fd7-45a1-82c3-7a6d0029c305
[35m[HTTP][39m [37m<-- GET /wd/hub/session/740df5d0-1fd7-45a1-82c3-7a6d0029c305/source [39m[32m200[39m [90m10455 ms - 36299[39m
[35m[HTTP][39m [90m[39m
[35m[HTTP][39m [37m-->[39m [37mGET[39m [37m/wd/hub/session/740df5d0-1fd7-45a1-82c3-7a6d0029c305/screenshot[39m
[35m[HTTP][39m [90m{}[39m
[35m[HTTP][39m [37m<-- GET /wd/hub/session/740df5d0-1fd7-45a1-82c3-7a6d0029c305/screenshot [39m[32m200[39m [90m221 ms - 147138[39m
[35m[HTTP][39m [90m[39m
[35m[HTTP][39m [37m-->[39m [37mPOST[39m [37m/wd/hub/session/740df5d0-1fd7-45a1-82c3-7a6d0029c305/elements[39m
[35m[HTTP][39m [90m{"using":"xpath","value":"//*[@class = 'android.widget.EditText' and (@text = 'Search' or . = 'Search') and @resource-id = 'app.three.android:id/et_search']"}[39m
[35m[HTTP][39m [37m<-- POST /wd/hub/session/740df5d0-1fd7-45a1-82c3-7a6d0029c305/elements [39m[32m200[39m [90m10226 ms - 139[39m
[35m[HTTP][39m [90m[39m
[35m[HTTP][39m [37m-->[39m [37mGET[39m [37m/wd/hub/session/740df5d0-1fd7-45a1-82c3-7a6d0029c305/window/rect[39m
[35m[HTTP][39m [90m{}[39m
[35m[HTTP][39m [37m<-- GET /wd/hub/session/740df5d0-1fd7-45a1-82c3-7a6d0029c305/window/rect [39m[32m200[39m [90m5 ms - 50[39m
[35m[HTTP][39m [90m[39m
[35m[HTTP][39m [37m-->[39m [37mPOST[39m [37m/wd/hub/session/740df5d0-1fd7-45a1-82c3-7a6d0029c305/elements[39m
[35m[HTTP][39m [90m{"using":"xpath","value":"//*[@class = 'android.widget.EditText' and (@text = 'Search' or . = 'Search') and @resource-id = 'app.three.android:id/et_search']"}[39m
[35m[HTTP][39m [37m<-- POST /wd/hub/session/740df5d0-1fd7-45a1-82c3-7a6d0029c305/elements [39m[32m200[39m [90m10169 ms - 139[39m
[35m[HTTP][39m [90m[39m
[35m[HTTP][39m [37m-->[39m [37mGET[39m [37m/wd/hub/session/740df5d0-1fd7-45a1-82c3-7a6d0029c305/element/00000000-0000-0016-ffff-ffff00000347/location[39m
[35m[HTTP][39m [90m{}[39m
[35m[W3C (740df5d0)][39m Driver proxy active, passing request on via HTTP proxy
[35m[WD Proxy][39m Replacing sessionId 3323c2f2-698e-46ef-af7c-785117a5514e with 740df5d0-1fd7-45a1-82c3-7a6d0029c305
[35m[HTTP][39m [37m<-- GET /wd/hub/session/740df5d0-1fd7-45a1-82c3-7a6d0029c305/element/00000000-0000-0016-ffff-ffff00000347/location [39m[32m200[39m [90m20076 ms - 78[39m
[35m[HTTP][39m [90m[39m
[35m[HTTP][39m [37m-->[39m [37mPOST[39m [37m/wd/hub/session/740df5d0-1fd7-45a1-82c3-7a6d0029c305/element/00000000-0000-0016-ffff-ffff00000347/clear[39m
[35m[HTTP][39m [90m{"id":"00000000-0000-0016-ffff-ffff00000347"}[39m
[35m[HTTP][39m [37m<-- POST /wd/hub/session/740df5d0-1fd7-45a1-82c3-7a6d0029c305/element/00000000-0000-0016-ffff-ffff00000347/clear [39m[32m200[39m [90m20128 ms - 14[39m
[35m[HTTP][39m [90m[39m
[35m[HTTP][39m [37m-->[39m [37mPOST[39m [37m/wd/hub/session/740df5d0-1fd7-45a1-82c3-7a6d0029c305/element/00000000-0000-0016-ffff-ffff00000347/value[39m
[35m[HTTP][39m [90m{"id":"00000000-0000-0016-ffff-ffff00000347","text":"Tunisia","value":["T","u","n","i","s","i","a"]}[39m
[35m[HTTP][39m [37m<-- POST /wd/hub/session/740df5d0-1fd7-45a1-82c3-7a6d0029c305/element/00000000-0000-0016-ffff-ffff00000347/value [39m[32m200[39m [90m60462 ms - 14[39m
[35m[HTTP][39m [90m[39m
[35m[HTTP][39m [37m-->[39m [37mGET[39m [37m/wd/hub/session/740df5d0-1fd7-45a1-82c3-7a6d0029c305/source[39m
[35m[HTTP][39m [90m{}[39m
[35m[W3C (740df5d0)][39m Driver proxy active, passing request on via HTTP proxy
[35m[WD Proxy][39m Replacing sessionId 3323c2f2-698e-46ef-af7c-785117a5514e with 740df5d0-1fd7-45a1-82c3-7a6d0029c305
[35m[HTTP][39m [37m<-- GET /wd/hub/session/740df5d0-1fd7-45a1-82c3-7a6d0029c305/source [39m[32m200[39m [90m10465 ms - 36731[39m
[35m[HTTP][39m [90m[39m
[35m[HTTP][39m [37m-->[39m [37mGET[39m [37m/wd/hub/session/740df5d0-1fd7-45a1-82c3-7a6d0029c305/screenshot[39m
[35m[HTTP][39m [90m{}[39m
[35m[HTTP][39m [37m<-- GET /wd/hub/session/740df5d0-1fd7-45a1-82c3-7a6d0029c305/screenshot [39m[32m200[39m [90m229 ms - 143620[39m
[35m[HTTP][39m [90m[39m
[35m[HTTP][39m [37m-->[39m [37mPOST[39m [37m/wd/hub/session/740df5d0-1fd7-45a1-82c3-7a6d0029c305/elements[39m
[35m[HTTP][39m [90m{"using":"xpath","value":"//*[@class = 'android.widget.ImageView' and (@text = '' or . = '')]"}[39m
[35m[HTTP][39m [37m<-- POST /wd/hub/session/740df5d0-1fd7-45a1-82c3-7a6d0029c305/elements [39m[32m200[39m [90m10365 ms - 1931[39m
[35m[HTTP][39m [90m[39m
[35m[HTTP][39m [37m-->[39m [37mPOST[39m [37m/wd/hub/session/740df5d0-1fd7-45a1-82c3-7a6d0029c305/elements[39m
[35m[HTTP][39m [90m{"using":"-android uiautomator","value":"new UiSelector().className(\"android.widget.ImageView\")"}[39m
[35m[HTTP][39m [37m<-- POST /wd/hub/session/740df5d0-1fd7-45a1-82c3-7a6d0029c305/elements [39m[32m200[39m [90m174759 ms - 1931[39m
[35m[HTTP][39m [90m[39m
[35m[HTTP][39m [37m-->[39m [37mGET[39m [37m/wd/hub/session/740df5d0-1fd7-45a1-82c3-7a6d0029c305/window/rect[39m
[35m[HTTP][39m [90m{}[39m
[35m[HTTP][39m [37m<-- GET /wd/hub/session/740df5d0-1fd7-45a1-82c3-7a6d0029c305/window/rect [39m[32m200[39m [90m5 ms - 50[39m
[35m[HTTP][39m [90m[39m
[35m[HTTP][39m [37m-->[39m [37mPOST[39m [37m/wd/hub/session/740df5d0-1fd7-45a1-82c3-7a6d0029c305/elements[39m
[35m[HTTP][39m [90m{"using":"xpath","value":"//hierarchy/android.widget.FrameLayout[1]/android.widget.LinearLayout[1]/android.widget.FrameLayout[1]/android.widget.LinearLayout[1]/android.widget.FrameLayout[1]/android.widget.FrameLayout[1]/android.widget.FrameLayout[1]/android.widget.FrameLayout[4]/android.widget.LinearLayout[1]/androidx.appcompat.widget.LinearLayoutCompat[1]/android.widget.ImageView[1]"}[39m
[35m[HTTP][39m [37m<-- POST /wd/hub/session/740df5d0-1fd7-45a1-82c3-7a6d0029c305/elements [39m[32m200[39m [90m10323 ms - 139[39m
[35m[HTTP][39m [90m[39m
[35m[HTTP][39m [37m-->[39m [37mGET[39m [37m/wd/hub/session/740df5d0-1fd7-45a1-82c3-7a6d0029c305/element/00000000-0000-0016-ffff-ffff00000346/location[39m
[35m[HTTP][39m [90m{}[39m
[35m[W3C (740df5d0)][39m Driver proxy active, passing request on via HTTP proxy
[35m[WD Proxy][39m Replacing sessionId 3323c2f2-698e-46ef-af7c-785117a5514e with 740df5d0-1fd7-45a1-82c3-7a6d0029c305
[35m[HTTP][39m [37m<-- GET /wd/hub/session/740df5d0-1fd7-45a1-82c3-7a6d0029c305/element/00000000-0000-0016-ffff-ffff00000346/location [39m[32m200[39m [90m20226 ms - 77[39m
[35m[HTTP][39m [90m[39m
[35m[HTTP][39m [37m-->[39m [37mPOST[39m [37m/wd/hub/session/740df5d0-1fd7-45a1-82c3-7a6d0029c305/element/00000000-0000-0016-ffff-ffff00000346/click[39m
[35m[HTTP][39m [90m{"id":"00000000-0000-0016-ffff-ffff00000346"}[39m
[35m[HTTP][39m [37m<-- POST /wd/hub/session/740df5d0-1fd7-45a1-82c3-7a6d0029c305/element/00000000-0000-0016-ffff-ffff00000346/click [39m[32m200[39m [90m30321 ms - 14[39m
[35m[HTTP][39m [90m[39m
[35m[HTTP][39m [37m-->[39m [37mGET[39m [37m/wd/hub/session/740df5d0-1fd7-45a1-82c3-7a6d0029c305/source[39m
[35m[HTTP][39m [90m{}[39m
[35m[W3C (740df5d0)][39m Driver proxy active, passing request on via HTTP proxy
[35m[WD Proxy][39m Replacing sessionId 3323c2f2-698e-46ef-af7c-785117a5514e with 740df5d0-1fd7-45a1-82c3-7a6d0029c305
[35m[HTTP][39m [37m<-- GET /wd/hub/session/740df5d0-1fd7-45a1-82c3-7a6d0029c305/source [39m[32m200[39m [90m10241 ms - 36731[39m
[35m[HTTP][39m [90m[39m
[35m[HTTP][39m [37m-->[39m [37mGET[39m [37m/wd/hub/session/740df5d0-1fd7-45a1-82c3-7a6d0029c305/screenshot[39m
[35m[HTTP][39m [90m{}[39m
[35m[HTTP][39m [37m<-- GET /wd/hub/session/740df5d0-1fd7-45a1-82c3-7a6d0029c305/screenshot [39m[32m200[39m [90m204 ms - 143844[39m
[35m[HTTP][39m [90m[39m
[35m[HTTP][39m [37m-->[39m [37mDELETE[39m [37m/wd/hub/session/740df5d0-1fd7-45a1-82c3-7a6d0029c305[39m
[35m[HTTP][39m [90m{}[39m
[35m[Appium][39m Removing session 740df5d0-1fd7-45a1-82c3-7a6d0029c305 from our master session list
[35m[UiAutomator2][39m Restoring hidden api policy to the device default configuration
[35m[HTTP][39m [37m<-- DELETE /wd/hub/session/740df5d0-1fd7-45a1-82c3-7a6d0029c305 [39m[32m200[39m [90m231 ms - 14[39m
[35m[HTTP][39m [90m[39m
